# JRE version: OpenJDK Runtime Environment (8.0_152-b01) (build 1.8.0_152-release-915-b01)
# Java VM: OpenJDK 64-Bit Server VM (25.152-b01 mixed mode windows-amd64 compressed oops)
Heap:
 PSYoungGen      total 22016K, used 5824K [0x00000000e0000000, 0x00000000e2d00000, 0x0000000100000000)
  eden space 15872K, 4% used [0x00000000e0000000,0x00000000e00b4e20,0x00000000e0f80000)
  from space 6144K, 83% used [0x00000000e1600000,0x00000000e1afb540,0x00000000e1c00000)
  to   space 6656K, 0% used [0x00000000e0f80000,0x00000000e0f80000,0x00000000e1600000)
 ParOldGen       total 44032K, used 6103K [0x00000000a0000000, 0x00000000a2b00000, 0x00000000e0000000)
  object space 44032K, 13% used [0x00000000a0000000,0x00000000a05f5ef8,0x00000000a2b00000)
 Metaspace       used 15943K, capacity 16260K, committed 16512K, reserved 1062912K
  class space    used 2256K, capacity 2344K, committed 2432K, reserved 1048576K
GC Heap History (10 events):
Event: 2.514 GC heap before
{Heap before GC invocations=2 (full 0):
 PSYoungGen      total 18944K, used 18914K [0x00000000e0000000, 0x00000000e1500000, 0x0000000100000000)
  eden space 16384K, 100% used [0x00000000e0000000,0x00000000e1000000,0x00000000e1000000)
  from space 2560K, 98% used [0x00000000e1000000,0x00000000e1278878,0x00000000e1280000)
  to   space 2560K, 0% used [0x00000000e1280000,0x00000000e1280000,0x00000000e1500000)
 ParOldGen       total 44032K, used 478K [0x00000000a0000000, 0x00000000a2b00000, 0x00000000e0000000)
  object space 44032K, 1% used [0x00000000a0000000,0x00000000a0077aa8,0x00000000a2b00000)
 Metaspace       used 6582K, capacity 6766K, committed 7040K, reserved 1056768K
  class space    used 797K, capacity 875K, committed 896K, reserved 1048576K
Event: 2.519 GC heap after
Heap after GC invocations=2 (full 0):
 PSYoungGen      total 18944K, used 2301K [0x00000000e0000000, 0x00000000e1500000, 0x0000000100000000)
  eden space 16384K, 0% used [0x00000000e0000000,0x00000000e0000000,0x00000000e1000000)
  from space 2560K, 89% used [0x00000000e1280000,0x00000000e14bf630,0x00000000e1500000)
  to   space 2560K, 0% used [0x00000000e1000000,0x00000000e1000000,0x00000000e1280000)
 ParOldGen       total 44032K, used 486K [0x00000000a0000000, 0x00000000a2b00000, 0x00000000e0000000)
  object space 44032K, 1% used [0x00000000a0000000,0x00000000a0079aa8,0x00000000a2b00000)
 Metaspace       used 6582K, capacity 6766K, committed 7040K, reserved 1056768K
  class space    used 797K, capacity 875K, committed 896K, reserved 1048576K
}
Event: 3.389 GC heap before
{Heap before GC invocations=3 (full 0):
 PSYoungGen      total 18944K, used 18685K [0x00000000e0000000, 0x00000000e1500000, 0x0000000100000000)
  eden space 16384K, 100% used [0x00000000e0000000,0x00000000e1000000,0x00000000e1000000)
  from space 2560K, 89% used [0x00000000e1280000,0x00000000e14bf630,0x00000000e1500000)
  to   space 2560K, 0% used [0x00000000e1000000,0x00000000e1000000,0x00000000e1280000)
 ParOldGen       total 44032K, used 486K [0x00000000a0000000, 0x00000000a2b00000, 0x00000000e0000000)
  object space 44032K, 1% used [0x00000000a0000000,0x00000000a0079aa8,0x00000000a2b00000)
 Metaspace       used 8686K, capacity 8930K, committed 9216K, reserved 1056768K
  class space    used 1117K, capacity 1229K, committed 1280K, reserved 1048576K
Event: 3.395 GC heap after
Heap after GC invocations=3 (full 0):
 PSYoungGen      total 18944K, used 2544K [0x00000000e0000000, 0x00000000e1500000, 0x0000000100000000)
  eden space 16384K, 0% used [0x00000000e0000000,0x00000000e0000000,0x00000000e1000000)
  from space 2560K, 99% used [0x00000000e1000000,0x00000000e127c010,0x00000000e1280000)
  to   space 2560K, 0% used [0x00000000e1280000,0x00000000e1280000,0x00000000e1500000)
 ParOldGen       total 44032K, used 1447K [0x00000000a0000000, 0x00000000a2b00000, 0x00000000e0000000)
  object space 44032K, 3% used [0x00000000a0000000,0x00000000a0169cc8,0x00000000a2b00000)
 Metaspace       used 8686K, capacity 8930K, committed 9216K, reserved 1056768K
  class space    used 1117K, capacity 1229K, committed 1280K, reserved 1048576K
}
Event: 5.746 GC heap before
{Heap before GC invocations=4 (full 0):
 PSYoungGen      total 18944K, used 18928K [0x00000000e0000000, 0x00000000e1500000, 0x0000000100000000)
  eden space 16384K, 100% used [0x00000000e0000000,0x00000000e1000000,0x00000000e1000000)
  from space 2560K, 99% used [0x00000000e1000000,0x00000000e127c010,0x00000000e1280000)
  to   space 2560K, 0% used [0x00000000e1280000,0x00000000e1280000,0x00000000e1500000)
 ParOldGen       total 44032K, used 1447K [0x00000000a0000000, 0x00000000a2b00000, 0x00000000e0000000)
  object space 44032K, 3% used [0x00000000a0000000,0x00000000a0169cc8,0x00000000a2b00000)
 Metaspace       used 12386K, capacity 12736K, committed 12928K, reserved 1060864K
  class space    used 1682K, capacity 1830K, committed 1920K, reserved 1048576K
Event: 5.754 GC heap after
Heap after GC invocations=4 (full 0):
 PSYoungGen      total 18944K, used 2533K [0x00000000e0000000, 0x00000000e1500000, 0x0000000100000000)
  eden space 16384K, 0% used [0x00000000e0000000,0x00000000e0000000,0x00000000e1000000)
  from space 2560K, 98% used [0x00000000e1280000,0x00000000e14f9620,0x00000000e1500000)
  to   space 2560K, 0% used [0x00000000e1000000,0x00000000e1000000,0x00000000e1280000)
 ParOldGen       total 44032K, used 4145K [0x00000000a0000000, 0x00000000a2b00000, 0x00000000e0000000)
  object space 44032K, 9% used [0x00000000a0000000,0x00000000a040c5d8,0x00000000a2b00000)
 Metaspace       used 12386K, capacity 12736K, committed 12928K, reserved 1060864K
  class space    used 1682K, capacity 1830K, committed 1920K, reserved 1048576K
}
Event: 6.062 GC heap before
{Heap before GC invocations=5 (full 0):
 PSYoungGen      total 18944K, used 18917K [0x00000000e0000000, 0x00000000e1500000, 0x0000000100000000)
  eden space 16384K, 100% used [0x00000000e0000000,0x00000000e1000000,0x00000000e1000000)
  from space 2560K, 98% used [0x00000000e1280000,0x00000000e14f9620,0x00000000e1500000)
  to   space 2560K, 0% used [0x00000000e1000000,0x00000000e1000000,0x00000000e1280000)
 ParOldGen       total 44032K, used 4145K [0x00000000a0000000, 0x00000000a2b00000, 0x00000000e0000000)
  object space 44032K, 9% used [0x00000000a0000000,0x00000000a040c5d8,0x00000000a2b00000)
 Metaspace       used 13928K, capacity 14276K, committed 14464K, reserved 1060864K
  class space    used 1944K, capacity 2088K, committed 2176K, reserved 1048576K
Event: 6.068 GC heap after
Heap after GC invocations=5 (full 0):
 PSYoungGen      total 18944K, used 2544K [0x00000000e0000000, 0x00000000e1c00000, 0x0000000100000000)
  eden space 16384K, 0% used [0x00000000e0000000,0x00000000e0000000,0x00000000e1000000)
  from space 2560K, 99% used [0x00000000e1000000,0x00000000e127c030,0x00000000e1280000)
  to   space 6144K, 0% used [0x00000000e1600000,0x00000000e1600000,0x00000000e1c00000)
 ParOldGen       total 44032K, used 6095K [0x00000000a0000000, 0x00000000a2b00000, 0x00000000e0000000)
  object space 44032K, 13% used [0x00000000a0000000,0x00000000a05f3ef8,0x00000000a2b00000)
 Metaspace       used 13928K, capacity 14276K, committed 14464K, reserved 1060864K
  class space    used 1944K, capacity 2088K, committed 2176K, reserved 1048576K
}
Event: 6.689 GC heap before
{Heap before GC invocations=6 (full 0):
 PSYoungGen      total 18944K, used 18928K [0x00000000e0000000, 0x00000000e1c00000, 0x0000000100000000)
  eden space 16384K, 100% used [0x00000000e0000000,0x00000000e1000000,0x00000000e1000000)
  from space 2560K, 99% used [0x00000000e1000000,0x00000000e127c030,0x00000000e1280000)
  to   space 6144K, 0% used [0x00000000e1600000,0x00000000e1600000,0x00000000e1c00000)
 ParOldGen       total 44032K, used 6095K [0x00000000a0000000, 0x00000000a2b00000, 0x00000000e0000000)
  object space 44032K, 13% used [0x00000000a0000000,0x00000000a05f3ef8,0x00000000a2b00000)
 Metaspace       used 15842K, capacity 16196K, committed 16512K, reserved 1062912K
  class space    used 2239K, capacity 2344K, committed 2432K, reserved 1048576K
Event: 6.704 GC heap after
Heap after GC invocations=6 (full 0):
 PSYoungGen      total 22016K, used 5101K [0x00000000e0000000, 0x00000000e2d00000, 0x0000000100000000)
  eden space 15872K, 0% used [0x00000000e0000000,0x00000000e0000000,0x00000000e0f80000)
  from space 6144K, 83% used [0x00000000e1600000,0x00000000e1afb540,0x00000000e1c00000)
  to   space 6656K, 0% used [0x00000000e0f80000,0x00000000e0f80000,0x00000000e1600000)
 ParOldGen       total 44032K, used 6103K [0x00000000a0000000, 0x00000000a2b00000, 0x00000000e0000000)
  object space 44032K, 13% used [0x00000000a0000000,0x00000000a05f5ef8,0x00000000a2b00000)
 Metaspace       used 15842K, capacity 16196K, committed 16512K, reserved 1062912K
  class space    used 2239K, capacity 2344K, committed 2432K, reserved 1048576K
}

